  [1m[35m (3.0ms)[0m  [1m[34mSELECT sqlite_version(*)[0m
  [1m[35m (0.0ms)[0m  [1m[34mSELECT sqlite_version(*)[0m
  [1m[35m (0.0ms)[0m  [1m[34mSELECT sqlite_version(*)[0m
  [1m[35m (0.6ms)[0m  [1m[34mSELECT sqlite_version(*)[0m
  [1m[35m (8.3ms)[0m  [1m[35mCREATE TABLE "schema_migrations" ("version" varchar NOT NULL PRIMARY KEY)[0m
  [1m[35m (4.8ms)[0m  [1m[35mCREATE TABLE "ar_internal_metadata" ("key" varchar NOT NULL PRIMARY KEY, "value" varchar, "created_at" datetime(6) NOT NULL, "updated_at" datetime(6) NOT NULL)[0m
  [1m[36mActiveRecord::InternalMetadata Load (0.2ms)[0m  [1m[34mSELECT "ar_internal_metadata".* FROM "ar_internal_metadata" WHERE "ar_internal_metadata"."key" = ? LIMIT ?[0m  [["key", "environment"], ["LIMIT", 1]]
  [1m[36mTRANSACTION (0.0ms)[0m  [1m[36mbegin transaction[0m
  [1m[36mActiveRecord::InternalMetadata Create (0.5ms)[0m  [1m[32mINSERT INTO "ar_internal_metadata" ("key", "value", "created_at", "updated_at") VALUES (?, ?, ?, ?)[0m  [["key", "environment"], ["value", "development"], ["created_at", "2022-02-10 18:36:10.183764"], ["updated_at", "2022-02-10 18:36:10.183764"]]
  [1m[36mTRANSACTION (5.6ms)[0m  [1m[36mcommit transaction[0m
  [1m[35m (0.1ms)[0m  [1m[34mSELECT sqlite_version(*)[0m
  [1m[36mActiveRecord::SchemaMigration Pluck (0.1ms)[0m  [1m[34mSELECT "schema_migrations"."version" FROM "schema_migrations" ORDER BY "schema_migrations"."version" ASC[0m
Started GET "/" for ::1 at 2022-02-10 15:37:40 -0300
  [1m[35m (0.6ms)[0m  [1m[34mSELECT sqlite_version(*)[0m
  [1m[36mActiveRecord::SchemaMigration Pluck (0.2ms)[0m  [1m[34mSELECT "schema_migrations"."version" FROM "schema_migrations" ORDER BY "schema_migrations"."version" ASC[0m
Processing by Rails::WelcomeController#index as HTML
  Rendering C:/Ruby30-x64/lib/ruby/gems/3.0.0/gems/railties-7.0.2/lib/rails/templates/rails/welcome/index.html.erb
  Rendered C:/Ruby30-x64/lib/ruby/gems/3.0.0/gems/railties-7.0.2/lib/rails/templates/rails/welcome/index.html.erb (Duration: 3.6ms | Allocations: 860)
Completed 200 OK in 38ms (Views: 12.8ms | ActiveRecord: 0.0ms | Allocations: 7939)


  [1m[35m (5.6ms)[0m  [1m[34mSELECT sqlite_version(*)[0m
  [1m[36mActiveRecord::SchemaMigration Pluck (0.2ms)[0m  [1m[34mSELECT "schema_migrations"."version" FROM "schema_migrations" ORDER BY "schema_migrations"."version" ASC[0m
Migrating to CreateProjects (20220212193118)
  [1m[36mTRANSACTION (0.0ms)[0m  [1m[36mbegin transaction[0m
  [1m[35m (0.9ms)[0m  [1m[35mCREATE TABLE "projects" ("id" integer PRIMARY KEY AUTOINCREMENT NOT NULL, "title" varchar, "description" text, "percent_complete" decimal, "created_at" datetime(6) NOT NULL, "updated_at" datetime(6) NOT NULL)[0m
  [1m[36mActiveRecord::SchemaMigration Create (0.1ms)[0m  [1m[32mINSERT INTO "schema_migrations" ("version") VALUES (?)[0m  [["version", "20220212193118"]]
  [1m[36mTRANSACTION (7.2ms)[0m  [1m[36mcommit transaction[0m
  [1m[36mActiveRecord::InternalMetadata Load (0.2ms)[0m  [1m[34mSELECT "ar_internal_metadata".* FROM "ar_internal_metadata" WHERE "ar_internal_metadata"."key" = ? LIMIT ?[0m  [["key", "environment"], ["LIMIT", 1]]
  [1m[35m (0.0ms)[0m  [1m[34mSELECT sqlite_version(*)[0m
  [1m[36mActiveRecord::SchemaMigration Pluck (0.1ms)[0m  [1m[34mSELECT "schema_migrations"."version" FROM "schema_migrations" ORDER BY "schema_migrations"."version" ASC[0m
Started GET "/projects" for ::1 at 2022-02-12 16:31:48 -0300
  [1m[35m (0.7ms)[0m  [1m[34mSELECT sqlite_version(*)[0m
  [1m[36mActiveRecord::SchemaMigration Pluck (0.1ms)[0m  [1m[34mSELECT "schema_migrations"."version" FROM "schema_migrations" ORDER BY "schema_migrations"."version" ASC[0m
Processing by ProjectsController#index as HTML
  Rendering layout layouts/application.html.erb
  Rendering projects/index.html.erb within layouts/application
  [1m[36mProject Load (0.2ms)[0m  [1m[34mSELECT "projects".* FROM "projects"[0m
  ↳ app/views/projects/index.html.erb:6
  Rendered projects/index.html.erb within layouts/application (Duration: 8.2ms | Allocations: 1689)
  Rendered layout layouts/application.html.erb (Duration: 321.0ms | Allocations: 89332)
Completed 500 Internal Server Error in 390ms (ActiveRecord: 0.2ms | Allocations: 96045)


  
ActionView::Template::Error (Permission denied @ rb_file_s_rename - (C:/Users/Hugo/ruby-course/taski/tmp/cache/assets/sprockets/v4.0.0/Gz/GzQEca-B2d5bNV1xNKCzewbj7JkPMIjeoPicAiOnIZg.cache.22840.156.676339, C:/Users/Hugo/ruby-course/taski/tmp/cache/assets/sprockets/v4.0.0/Gz/GzQEca-B2d5bNV1xNKCzewbj7JkPMIjeoPicAiOnIZg.cache)):
  
sprockets (4.0.2) lib/sprockets/path_utils.rb:362:in `rename'
sprockets (4.0.2) lib/sprockets/path_utils.rb:362:in `atomic_write'
sprockets (4.0.2) lib/sprockets/cache/file_store.rb:112:in `set'
sprockets (4.0.2) lib/sprockets/cache.rb:227:in `set'
sprockets (4.0.2) lib/sprockets/cache.rb:143:in `set'
sprockets (4.0.2) lib/sprockets/loader.rb:266:in `store_asset'
sprockets (4.0.2) lib/sprockets/loader.rb:226:in `load_from_unloaded'
sprockets (4.0.2) lib/sprockets/loader.rb:59:in `block in load'
sprockets (4.0.2) lib/sprockets/loader.rb:337:in `fetch_asset_from_dependency_cache'
sprockets (4.0.2) lib/sprockets/loader.rb:43:in `load'
sprockets (4.0.2) lib/sprockets/cached_environment.rb:44:in `load'
sprockets (4.0.2) lib/sprockets/bundle.rb:32:in `block in call'
C:/Ruby30-x64/lib/ruby/3.0.0/set.rb:344:in `each_key'
C:/Ruby30-x64/lib/ruby/3.0.0/set.rb:344:in `each'
sprockets (4.0.2) lib/sprockets/bundle.rb:31:in `call'
sprockets (4.0.2) lib/sprockets/processor_utils.rb:84:in `call_processor'
sprockets (4.0.2) lib/sprockets/processor_utils.rb:66:in `block in call_processors'
sprockets (4.0.2) lib/sprockets/processor_utils.rb:65:in `reverse_each'
sprockets (4.0.2) lib/sprockets/processor_utils.rb:65:in `call_processors'
sprockets (4.0.2) lib/sprockets/loader.rb:182:in `load_from_unloaded'
sprockets (4.0.2) lib/sprockets/loader.rb:59:in `block in load'
sprockets (4.0.2) lib/sprockets/loader.rb:337:in `fetch_asset_from_dependency_cache'
sprockets (4.0.2) lib/sprockets/loader.rb:43:in `load'
sprockets (4.0.2) lib/sprockets/cached_environment.rb:44:in `load'
sprockets (4.0.2) lib/sprockets/base.rb:81:in `find_asset'
sprockets (4.0.2) lib/sprockets/base.rb:88:in `find_all_linked_assets'
sprockets (4.0.2) lib/sprockets/manifest.rb:125:in `block (2 levels) in find'
concurrent-ruby (1.1.9) lib/concurrent-ruby/concurrent/executor/safe_task_executor.rb:24:in `block in execute'
concurrent-ruby (1.1.9) lib/concurrent-ruby/concurrent/synchronization/mutex_lockable_object.rb:47:in `block in synchronize'
concurrent-ruby (1.1.9) lib/concurrent-ruby/concurrent/synchronization/mutex_lockable_object.rb:47:in `synchronize'
concurrent-ruby (1.1.9) lib/concurrent-ruby/concurrent/synchronization/mutex_lockable_object.rb:47:in `synchronize'
concurrent-ruby (1.1.9) lib/concurrent-ruby/concurrent/executor/safe_task_executor.rb:19:in `execute'
concurrent-ruby (1.1.9) lib/concurrent-ruby/concurrent/promise.rb:564:in `block in realize'
concurrent-ruby (1.1.9) lib/concurrent-ruby/concurrent/executor/ruby_thread_pool_executor.rb:363:in `run_task'
concurrent-ruby (1.1.9) lib/concurrent-ruby/concurrent/executor/ruby_thread_pool_executor.rb:352:in `block (3 levels) in create_worker'
concurrent-ruby (1.1.9) lib/concurrent-ruby/concurrent/executor/ruby_thread_pool_executor.rb:335:in `loop'
concurrent-ruby (1.1.9) lib/concurrent-ruby/concurrent/executor/ruby_thread_pool_executor.rb:335:in `block (2 levels) in create_worker'
concurrent-ruby (1.1.9) lib/concurrent-ruby/concurrent/executor/ruby_thread_pool_executor.rb:334:in `catch'
concurrent-ruby (1.1.9) lib/concurrent-ruby/concurrent/executor/ruby_thread_pool_executor.rb:334:in `block in create_worker'
Started GET "/projects" for ::1 at 2022-02-12 16:33:44 -0300
  [1m[35m (0.7ms)[0m  [1m[34mSELECT sqlite_version(*)[0m
  [1m[36mActiveRecord::SchemaMigration Pluck (0.1ms)[0m  [1m[34mSELECT "schema_migrations"."version" FROM "schema_migrations" ORDER BY "schema_migrations"."version" ASC[0m
Processing by ProjectsController#index as HTML
  Rendering layout layouts/application.html.erb
  Rendering projects/index.html.erb within layouts/application
  [1m[36mProject Load (0.2ms)[0m  [1m[34mSELECT "projects".* FROM "projects"[0m
  ↳ app/views/projects/index.html.erb:6
  Rendered projects/index.html.erb within layouts/application (Duration: 3.7ms | Allocations: 1689)
  Rendered layout layouts/application.html.erb (Duration: 95.9ms | Allocations: 40325)
Completed 200 OK in 112ms (Views: 101.0ms | ActiveRecord: 0.2ms | Allocations: 47010)


Started GET "/projects/new" for ::1 at 2022-02-12 16:34:06 -0300
Processing by ProjectsController#new as HTML
  Rendering layout layouts/application.html.erb
  Rendering projects/new.html.erb within layouts/application
  Rendered projects/_form.html.erb (Duration: 56.7ms | Allocations: 5844)
  Rendered projects/new.html.erb within layouts/application (Duration: 58.2ms | Allocations: 6225)
  Rendered layout layouts/application.html.erb (Duration: 62.9ms | Allocations: 8496)
Completed 200 OK in 103ms (Views: 63.5ms | ActiveRecord: 0.7ms | Allocations: 18587)


Started GET "/projects" for ::1 at 2022-02-12 16:34:08 -0300
Processing by ProjectsController#index as HTML
  Rendering layout layouts/application.html.erb
  Rendering projects/index.html.erb within layouts/application
  [1m[36mProject Load (0.1ms)[0m  [1m[34mSELECT "projects".* FROM "projects"[0m
  ↳ app/views/projects/index.html.erb:6
  Rendered projects/index.html.erb within layouts/application (Duration: 1.1ms | Allocations: 826)
  Rendered layout layouts/application.html.erb (Duration: 5.6ms | Allocations: 2994)
Completed 200 OK in 8ms (Views: 6.0ms | ActiveRecord: 0.1ms | Allocations: 3406)


Started GET "/projects/new" for ::1 at 2022-02-12 16:34:16 -0300
Processing by ProjectsController#new as HTML
  Rendering layout layouts/application.html.erb
  Rendering projects/new.html.erb within layouts/application
  Rendered projects/_form.html.erb (Duration: 1.4ms | Allocations: 1054)
  Rendered projects/new.html.erb within layouts/application (Duration: 1.6ms | Allocations: 1157)
  Rendered layout layouts/application.html.erb (Duration: 6.9ms | Allocations: 3312)
Completed 200 OK in 9ms (Views: 7.4ms | ActiveRecord: 0.0ms | Allocations: 3692)


Started POST "/projects" for ::1 at 2022-02-12 16:34:51 -0300
Processing by ProjectsController#create as TURBO_STREAM
  Parameters: {"authenticity_token"=>"[FILTERED]", "project"=>{"title"=>"Project 1", "description"=>"Some Random Project", "percent_complete"=>""}, "commit"=>"Create Project"}
  [1m[36mTRANSACTION (0.0ms)[0m  [1m[36mbegin transaction[0m
  ↳ app/controllers/projects_controller.rb:27:in `block in create'
  [1m[36mProject Create (0.6ms)[0m  [1m[32mINSERT INTO "projects" ("title", "description", "percent_complete", "created_at", "updated_at") VALUES (?, ?, ?, ?, ?)[0m  [["title", "Project 1"], ["description", "Some Random Project"], ["percent_complete", nil], ["created_at", "2022-02-12 19:34:51.970179"], ["updated_at", "2022-02-12 19:34:51.970179"]]
  ↳ app/controllers/projects_controller.rb:27:in `block in create'
  [1m[36mTRANSACTION (4.3ms)[0m  [1m[36mcommit transaction[0m
  ↳ app/controllers/projects_controller.rb:27:in `block in create'
Redirected to http://localhost:3000/projects/1
Completed 302 Found in 10ms (ActiveRecord: 4.9ms | Allocations: 3872)


Started GET "/projects/1" for ::1 at 2022-02-12 16:34:52 -0300
Processing by ProjectsController#show as TURBO_STREAM
  Parameters: {"id"=>"1"}
  [1m[36mProject Load (0.2ms)[0m  [1m[34mSELECT "projects".* FROM "projects" WHERE "projects"."id" = ? LIMIT ?[0m  [["id", 1], ["LIMIT", 1]]
  ↳ app/controllers/projects_controller.rb:63:in `set_project'
  Rendering layout layouts/application.html.erb
  Rendering projects/show.html.erb within layouts/application
  Rendered projects/_project.html.erb (Duration: 0.5ms | Allocations: 282)
  Rendered projects/show.html.erb within layouts/application (Duration: 9.1ms | Allocations: 1687)
  Rendered layout layouts/application.html.erb (Duration: 13.5ms | Allocations: 3949)
Completed 200 OK in 19ms (Views: 14.0ms | ActiveRecord: 0.2ms | Allocations: 7084)


Started GET "/projects" for ::1 at 2022-02-12 16:34:54 -0300
Processing by ProjectsController#index as HTML
  Rendering layout layouts/application.html.erb
  Rendering projects/index.html.erb within layouts/application
  [1m[36mProject Load (0.1ms)[0m  [1m[34mSELECT "projects".* FROM "projects"[0m
  ↳ app/views/projects/index.html.erb:6
  Rendered projects/_project.html.erb (Duration: 0.1ms | Allocations: 25)
  Rendered projects/index.html.erb within layouts/application (Duration: 1.4ms | Allocations: 1014)
  Rendered layout layouts/application.html.erb (Duration: 6.0ms | Allocations: 3182)
Completed 200 OK in 8ms (Views: 6.3ms | ActiveRecord: 0.1ms | Allocations: 3577)


